[2022-08-30T02:33:54.564+0000] {processor.py:153} INFO - Started process (PID=1180) to work on /opt/airflow/dags/tutorial.py
[2022-08-30T02:33:54.565+0000] {processor.py:640} INFO - Processing file /opt/airflow/dags/tutorial.py for tasks to queue
[2022-08-30T02:33:54.566+0000] {logging_mixin.py:115} INFO - [2022-08-30T02:33:54.566+0000] {dagbag.py:508} INFO - Filling up the DagBag from /opt/airflow/dags/tutorial.py
[2022-08-30T02:33:54.570+0000] {logging_mixin.py:115} INFO - [2022-08-30T02:33:54.568+0000] {dagbag.py:321} ERROR - Failed to import: /opt/airflow/dags/tutorial.py
Traceback (most recent call last):
  File "/home/airflow/.local/lib/python3.7/site-packages/airflow/models/dagbag.py", line 318, in parse
    loader.exec_module(new_module)
  File "<frozen importlib._bootstrap_external>", line 724, in exec_module
  File "<frozen importlib._bootstrap_external>", line 860, in get_code
  File "<frozen importlib._bootstrap_external>", line 791, in source_to_code
  File "<frozen importlib._bootstrap>", line 219, in _call_with_frames_removed
  File "/opt/airflow/dags/tutorial.py", line 76
    [docs]    t1 = BashOperator(
    ^
IndentationError: expected an indented block
[2022-08-30T02:33:54.571+0000] {processor.py:652} WARNING - No viable dags retrieved from /opt/airflow/dags/tutorial.py
[2022-08-30T02:33:54.590+0000] {processor.py:161} INFO - Processing /opt/airflow/dags/tutorial.py took 0.029 seconds
[2022-08-30T02:34:58.303+0000] {processor.py:153} INFO - Started process (PID=38) to work on /opt/airflow/dags/tutorial.py
[2022-08-30T02:34:58.314+0000] {processor.py:640} INFO - Processing file /opt/airflow/dags/tutorial.py for tasks to queue
[2022-08-30T02:34:58.315+0000] {logging_mixin.py:115} INFO - [2022-08-30T02:34:58.314+0000] {dagbag.py:508} INFO - Filling up the DagBag from /opt/airflow/dags/tutorial.py
[2022-08-30T02:34:58.318+0000] {logging_mixin.py:115} INFO - [2022-08-30T02:34:58.316+0000] {dagbag.py:321} ERROR - Failed to import: /opt/airflow/dags/tutorial.py
Traceback (most recent call last):
  File "/home/airflow/.local/lib/python3.7/site-packages/airflow/models/dagbag.py", line 318, in parse
    loader.exec_module(new_module)
  File "<frozen importlib._bootstrap_external>", line 724, in exec_module
  File "<frozen importlib._bootstrap_external>", line 860, in get_code
  File "<frozen importlib._bootstrap_external>", line 791, in source_to_code
  File "<frozen importlib._bootstrap>", line 219, in _call_with_frames_removed
  File "/opt/airflow/dags/tutorial.py", line 76
    [docs]    t1 = BashOperator(
    ^
IndentationError: expected an indented block
[2022-08-30T02:34:58.319+0000] {processor.py:652} WARNING - No viable dags retrieved from /opt/airflow/dags/tutorial.py
[2022-08-30T02:34:58.390+0000] {processor.py:161} INFO - Processing /opt/airflow/dags/tutorial.py took 0.092 seconds
[2022-08-30T02:35:28.565+0000] {processor.py:153} INFO - Started process (PID=100) to work on /opt/airflow/dags/tutorial.py
[2022-08-30T02:35:28.567+0000] {processor.py:640} INFO - Processing file /opt/airflow/dags/tutorial.py for tasks to queue
[2022-08-30T02:35:28.567+0000] {logging_mixin.py:115} INFO - [2022-08-30T02:35:28.567+0000] {dagbag.py:508} INFO - Filling up the DagBag from /opt/airflow/dags/tutorial.py
[2022-08-30T02:35:28.570+0000] {logging_mixin.py:115} INFO - [2022-08-30T02:35:28.569+0000] {dagbag.py:321} ERROR - Failed to import: /opt/airflow/dags/tutorial.py
Traceback (most recent call last):
  File "/home/airflow/.local/lib/python3.7/site-packages/airflow/models/dagbag.py", line 318, in parse
    loader.exec_module(new_module)
  File "<frozen importlib._bootstrap_external>", line 724, in exec_module
  File "<frozen importlib._bootstrap_external>", line 860, in get_code
  File "<frozen importlib._bootstrap_external>", line 791, in source_to_code
  File "<frozen importlib._bootstrap>", line 219, in _call_with_frames_removed
  File "/opt/airflow/dags/tutorial.py", line 76
    [docs]    t1 = BashOperator(
    ^
IndentationError: expected an indented block
[2022-08-30T02:35:28.571+0000] {processor.py:652} WARNING - No viable dags retrieved from /opt/airflow/dags/tutorial.py
[2022-08-30T02:35:28.599+0000] {processor.py:161} INFO - Processing /opt/airflow/dags/tutorial.py took 0.037 seconds
[2022-08-30T02:35:59.413+0000] {processor.py:153} INFO - Started process (PID=154) to work on /opt/airflow/dags/tutorial.py
[2022-08-30T02:35:59.414+0000] {processor.py:640} INFO - Processing file /opt/airflow/dags/tutorial.py for tasks to queue
[2022-08-30T02:35:59.414+0000] {logging_mixin.py:115} INFO - [2022-08-30T02:35:59.414+0000] {dagbag.py:508} INFO - Filling up the DagBag from /opt/airflow/dags/tutorial.py
[2022-08-30T02:35:59.416+0000] {logging_mixin.py:115} INFO - [2022-08-30T02:35:59.416+0000] {dagbag.py:321} ERROR - Failed to import: /opt/airflow/dags/tutorial.py
Traceback (most recent call last):
  File "/home/airflow/.local/lib/python3.7/site-packages/airflow/models/dagbag.py", line 318, in parse
    loader.exec_module(new_module)
  File "<frozen importlib._bootstrap_external>", line 724, in exec_module
  File "<frozen importlib._bootstrap_external>", line 860, in get_code
  File "<frozen importlib._bootstrap_external>", line 791, in source_to_code
  File "<frozen importlib._bootstrap>", line 219, in _call_with_frames_removed
  File "/opt/airflow/dags/tutorial.py", line 76
    [docs]    t1 = BashOperator(
    ^
IndentationError: expected an indented block
[2022-08-30T02:35:59.417+0000] {processor.py:652} WARNING - No viable dags retrieved from /opt/airflow/dags/tutorial.py
[2022-08-30T02:35:59.441+0000] {processor.py:161} INFO - Processing /opt/airflow/dags/tutorial.py took 0.031 seconds
[2022-08-30T02:36:29.920+0000] {processor.py:153} INFO - Started process (PID=217) to work on /opt/airflow/dags/tutorial.py
[2022-08-30T02:36:29.922+0000] {processor.py:640} INFO - Processing file /opt/airflow/dags/tutorial.py for tasks to queue
[2022-08-30T02:36:29.923+0000] {logging_mixin.py:115} INFO - [2022-08-30T02:36:29.923+0000] {dagbag.py:508} INFO - Filling up the DagBag from /opt/airflow/dags/tutorial.py
[2022-08-30T02:36:29.926+0000] {logging_mixin.py:115} INFO - [2022-08-30T02:36:29.925+0000] {dagbag.py:321} ERROR - Failed to import: /opt/airflow/dags/tutorial.py
Traceback (most recent call last):
  File "/home/airflow/.local/lib/python3.7/site-packages/airflow/models/dagbag.py", line 318, in parse
    loader.exec_module(new_module)
  File "<frozen importlib._bootstrap_external>", line 724, in exec_module
  File "<frozen importlib._bootstrap_external>", line 860, in get_code
  File "<frozen importlib._bootstrap_external>", line 791, in source_to_code
  File "<frozen importlib._bootstrap>", line 219, in _call_with_frames_removed
  File "/opt/airflow/dags/tutorial.py", line 76
    [docs]    t1 = BashOperator(
    ^
IndentationError: expected an indented block
[2022-08-30T02:36:29.926+0000] {processor.py:652} WARNING - No viable dags retrieved from /opt/airflow/dags/tutorial.py
[2022-08-30T02:36:29.964+0000] {processor.py:161} INFO - Processing /opt/airflow/dags/tutorial.py took 0.052 seconds
[2022-08-30T02:36:37.408+0000] {processor.py:153} INFO - Started process (PID=245) to work on /opt/airflow/dags/tutorial.py
[2022-08-30T02:36:37.411+0000] {processor.py:640} INFO - Processing file /opt/airflow/dags/tutorial.py for tasks to queue
[2022-08-30T02:36:37.411+0000] {logging_mixin.py:115} INFO - [2022-08-30T02:36:37.411+0000] {dagbag.py:508} INFO - Filling up the DagBag from /opt/airflow/dags/tutorial.py
[2022-08-30T02:36:37.416+0000] {processor.py:650} INFO - DAG(s) dict_keys(['tutorial']) retrieved from /opt/airflow/dags/tutorial.py
[2022-08-30T02:36:37.654+0000] {logging_mixin.py:115} INFO - [2022-08-30T02:36:37.654+0000] {dag.py:2429} INFO - Sync 1 DAGs
[2022-08-30T02:36:37.698+0000] {logging_mixin.py:115} INFO - [2022-08-30T02:36:37.697+0000] {dag.py:2981} INFO - Setting next_dagrun for tutorial to 2022-08-29T02:36:37.697461+00:00, run_after=2022-08-30T02:36:37.697461+00:00
[2022-08-30T02:36:37.735+0000] {processor.py:161} INFO - Processing /opt/airflow/dags/tutorial.py took 0.330 seconds
[2022-08-30T02:36:41.226+0000] {processor.py:153} INFO - Started process (PID=263) to work on /opt/airflow/dags/tutorial.py
[2022-08-30T02:36:41.227+0000] {processor.py:640} INFO - Processing file /opt/airflow/dags/tutorial.py for tasks to queue
[2022-08-30T02:36:41.228+0000] {logging_mixin.py:115} INFO - [2022-08-30T02:36:41.228+0000] {dagbag.py:508} INFO - Filling up the DagBag from /opt/airflow/dags/tutorial.py
[2022-08-30T02:36:41.233+0000] {processor.py:650} INFO - DAG(s) dict_keys(['tutorial']) retrieved from /opt/airflow/dags/tutorial.py
[2022-08-30T02:36:41.252+0000] {logging_mixin.py:115} INFO - [2022-08-30T02:36:41.252+0000] {dag.py:2429} INFO - Sync 1 DAGs
[2022-08-30T02:36:41.280+0000] {logging_mixin.py:115} INFO - [2022-08-30T02:36:41.280+0000] {dag.py:2981} INFO - Setting next_dagrun for tutorial to 2022-08-29T02:36:41.280476+00:00, run_after=2022-08-30T02:36:41.280476+00:00
[2022-08-30T02:36:41.293+0000] {processor.py:161} INFO - Processing /opt/airflow/dags/tutorial.py took 0.069 seconds
[2022-08-30T02:37:11.823+0000] {processor.py:153} INFO - Started process (PID=316) to work on /opt/airflow/dags/tutorial.py
[2022-08-30T02:37:11.828+0000] {processor.py:640} INFO - Processing file /opt/airflow/dags/tutorial.py for tasks to queue
[2022-08-30T02:37:11.829+0000] {logging_mixin.py:115} INFO - [2022-08-30T02:37:11.829+0000] {dagbag.py:508} INFO - Filling up the DagBag from /opt/airflow/dags/tutorial.py
[2022-08-30T02:37:11.846+0000] {processor.py:650} INFO - DAG(s) dict_keys(['tutorial']) retrieved from /opt/airflow/dags/tutorial.py
[2022-08-30T02:37:11.881+0000] {logging_mixin.py:115} INFO - [2022-08-30T02:37:11.880+0000] {dag.py:2429} INFO - Sync 1 DAGs
[2022-08-30T02:37:11.912+0000] {logging_mixin.py:115} INFO - [2022-08-30T02:37:11.912+0000] {dag.py:2981} INFO - Setting next_dagrun for tutorial to 2022-08-29T02:37:11.912380+00:00, run_after=2022-08-30T02:37:11.912380+00:00
[2022-08-30T02:37:11.945+0000] {processor.py:161} INFO - Processing /opt/airflow/dags/tutorial.py took 0.131 seconds
[2022-08-30T02:37:42.818+0000] {processor.py:153} INFO - Started process (PID=379) to work on /opt/airflow/dags/tutorial.py
[2022-08-30T02:37:42.823+0000] {processor.py:640} INFO - Processing file /opt/airflow/dags/tutorial.py for tasks to queue
[2022-08-30T02:37:42.823+0000] {logging_mixin.py:115} INFO - [2022-08-30T02:37:42.823+0000] {dagbag.py:508} INFO - Filling up the DagBag from /opt/airflow/dags/tutorial.py
[2022-08-30T02:37:42.828+0000] {processor.py:650} INFO - DAG(s) dict_keys(['tutorial']) retrieved from /opt/airflow/dags/tutorial.py
[2022-08-30T02:37:42.844+0000] {logging_mixin.py:115} INFO - [2022-08-30T02:37:42.844+0000] {dag.py:2429} INFO - Sync 1 DAGs
[2022-08-30T02:37:42.866+0000] {logging_mixin.py:115} INFO - [2022-08-30T02:37:42.866+0000] {dag.py:2981} INFO - Setting next_dagrun for tutorial to 2022-08-29T02:37:42.866307+00:00, run_after=2022-08-30T02:37:42.866307+00:00
[2022-08-30T02:37:42.883+0000] {processor.py:161} INFO - Processing /opt/airflow/dags/tutorial.py took 0.067 seconds
[2022-08-30T02:38:13.886+0000] {processor.py:153} INFO - Started process (PID=433) to work on /opt/airflow/dags/tutorial.py
[2022-08-30T02:38:13.888+0000] {processor.py:640} INFO - Processing file /opt/airflow/dags/tutorial.py for tasks to queue
[2022-08-30T02:38:13.890+0000] {logging_mixin.py:115} INFO - [2022-08-30T02:38:13.889+0000] {dagbag.py:508} INFO - Filling up the DagBag from /opt/airflow/dags/tutorial.py
[2022-08-30T02:38:13.903+0000] {processor.py:650} INFO - DAG(s) dict_keys(['tutorial']) retrieved from /opt/airflow/dags/tutorial.py
[2022-08-30T02:38:14.151+0000] {logging_mixin.py:115} INFO - [2022-08-30T02:38:14.151+0000] {dag.py:2429} INFO - Sync 1 DAGs
[2022-08-30T02:38:14.178+0000] {logging_mixin.py:115} INFO - [2022-08-30T02:38:14.178+0000] {dag.py:2981} INFO - Setting next_dagrun for tutorial to 2022-08-29T02:38:14.178478+00:00, run_after=2022-08-30T02:38:14.178478+00:00
[2022-08-30T02:38:14.194+0000] {processor.py:161} INFO - Processing /opt/airflow/dags/tutorial.py took 0.316 seconds
[2022-08-30T02:38:45.167+0000] {processor.py:153} INFO - Started process (PID=497) to work on /opt/airflow/dags/tutorial.py
[2022-08-30T02:38:45.168+0000] {processor.py:640} INFO - Processing file /opt/airflow/dags/tutorial.py for tasks to queue
[2022-08-30T02:38:45.169+0000] {logging_mixin.py:115} INFO - [2022-08-30T02:38:45.168+0000] {dagbag.py:508} INFO - Filling up the DagBag from /opt/airflow/dags/tutorial.py
[2022-08-30T02:38:45.181+0000] {processor.py:650} INFO - DAG(s) dict_keys(['tutorial']) retrieved from /opt/airflow/dags/tutorial.py
[2022-08-30T02:38:45.226+0000] {logging_mixin.py:115} INFO - [2022-08-30T02:38:45.226+0000] {dag.py:2429} INFO - Sync 1 DAGs
[2022-08-30T02:38:45.264+0000] {logging_mixin.py:115} INFO - [2022-08-30T02:38:45.264+0000] {dag.py:2981} INFO - Setting next_dagrun for tutorial to 2022-08-29T02:38:45.263884+00:00, run_after=2022-08-30T02:38:45.263884+00:00
[2022-08-30T02:38:45.282+0000] {processor.py:161} INFO - Processing /opt/airflow/dags/tutorial.py took 0.118 seconds
[2022-08-30T02:39:15.668+0000] {processor.py:153} INFO - Started process (PID=551) to work on /opt/airflow/dags/tutorial.py
[2022-08-30T02:39:15.672+0000] {processor.py:640} INFO - Processing file /opt/airflow/dags/tutorial.py for tasks to queue
[2022-08-30T02:39:15.672+0000] {logging_mixin.py:115} INFO - [2022-08-30T02:39:15.672+0000] {dagbag.py:508} INFO - Filling up the DagBag from /opt/airflow/dags/tutorial.py
[2022-08-30T02:39:15.679+0000] {processor.py:650} INFO - DAG(s) dict_keys(['tutorial']) retrieved from /opt/airflow/dags/tutorial.py
[2022-08-30T02:39:15.691+0000] {logging_mixin.py:115} INFO - [2022-08-30T02:39:15.691+0000] {dag.py:2429} INFO - Sync 1 DAGs
[2022-08-30T02:39:15.726+0000] {logging_mixin.py:115} INFO - [2022-08-30T02:39:15.726+0000] {dag.py:2981} INFO - Setting next_dagrun for tutorial to 2022-08-29T02:39:15.725924+00:00, run_after=2022-08-30T02:39:15.725924+00:00
[2022-08-30T02:39:15.749+0000] {processor.py:161} INFO - Processing /opt/airflow/dags/tutorial.py took 0.084 seconds
[2022-08-30T02:39:45.942+0000] {processor.py:153} INFO - Started process (PID=618) to work on /opt/airflow/dags/tutorial.py
[2022-08-30T02:39:45.943+0000] {processor.py:640} INFO - Processing file /opt/airflow/dags/tutorial.py for tasks to queue
[2022-08-30T02:39:45.944+0000] {logging_mixin.py:115} INFO - [2022-08-30T02:39:45.944+0000] {dagbag.py:508} INFO - Filling up the DagBag from /opt/airflow/dags/tutorial.py
[2022-08-30T02:39:45.956+0000] {processor.py:650} INFO - DAG(s) dict_keys(['tutorial']) retrieved from /opt/airflow/dags/tutorial.py
[2022-08-30T02:39:46.381+0000] {logging_mixin.py:115} INFO - [2022-08-30T02:39:46.380+0000] {dag.py:2429} INFO - Sync 1 DAGs
[2022-08-30T02:39:46.415+0000] {logging_mixin.py:115} INFO - [2022-08-30T02:39:46.415+0000] {dag.py:2981} INFO - Setting next_dagrun for tutorial to 2022-08-30T02:39:41.672833+00:00, run_after=2022-08-31T02:39:41.672833+00:00
[2022-08-30T02:39:46.435+0000] {processor.py:161} INFO - Processing /opt/airflow/dags/tutorial.py took 0.500 seconds
[2022-08-30T02:40:16.713+0000] {processor.py:153} INFO - Started process (PID=676) to work on /opt/airflow/dags/tutorial.py
[2022-08-30T02:40:16.714+0000] {processor.py:640} INFO - Processing file /opt/airflow/dags/tutorial.py for tasks to queue
[2022-08-30T02:40:16.715+0000] {logging_mixin.py:115} INFO - [2022-08-30T02:40:16.714+0000] {dagbag.py:508} INFO - Filling up the DagBag from /opt/airflow/dags/tutorial.py
[2022-08-30T02:40:16.721+0000] {processor.py:650} INFO - DAG(s) dict_keys(['tutorial']) retrieved from /opt/airflow/dags/tutorial.py
[2022-08-30T02:40:16.757+0000] {logging_mixin.py:115} INFO - [2022-08-30T02:40:16.757+0000] {dag.py:2429} INFO - Sync 1 DAGs
[2022-08-30T02:40:16.786+0000] {logging_mixin.py:115} INFO - [2022-08-30T02:40:16.785+0000] {dag.py:2981} INFO - Setting next_dagrun for tutorial to 2022-08-30T02:39:41.672833+00:00, run_after=2022-08-31T02:39:41.672833+00:00
[2022-08-30T02:40:16.799+0000] {processor.py:161} INFO - Processing /opt/airflow/dags/tutorial.py took 0.093 seconds
[2022-08-30T02:40:47.062+0000] {processor.py:153} INFO - Started process (PID=740) to work on /opt/airflow/dags/tutorial.py
[2022-08-30T02:40:47.063+0000] {processor.py:640} INFO - Processing file /opt/airflow/dags/tutorial.py for tasks to queue
[2022-08-30T02:40:47.063+0000] {logging_mixin.py:115} INFO - [2022-08-30T02:40:47.063+0000] {dagbag.py:508} INFO - Filling up the DagBag from /opt/airflow/dags/tutorial.py
[2022-08-30T02:40:47.068+0000] {processor.py:650} INFO - DAG(s) dict_keys(['tutorial']) retrieved from /opt/airflow/dags/tutorial.py
[2022-08-30T02:40:47.083+0000] {logging_mixin.py:115} INFO - [2022-08-30T02:40:47.083+0000] {dag.py:2429} INFO - Sync 1 DAGs
[2022-08-30T02:40:47.106+0000] {logging_mixin.py:115} INFO - [2022-08-30T02:40:47.106+0000] {dag.py:2981} INFO - Setting next_dagrun for tutorial to 2022-08-30T02:39:41.672833+00:00, run_after=2022-08-31T02:39:41.672833+00:00
[2022-08-30T02:40:47.119+0000] {processor.py:161} INFO - Processing /opt/airflow/dags/tutorial.py took 0.059 seconds
[2022-08-30T02:41:17.353+0000] {processor.py:153} INFO - Started process (PID=793) to work on /opt/airflow/dags/tutorial.py
[2022-08-30T02:41:17.357+0000] {processor.py:640} INFO - Processing file /opt/airflow/dags/tutorial.py for tasks to queue
[2022-08-30T02:41:17.360+0000] {logging_mixin.py:115} INFO - [2022-08-30T02:41:17.359+0000] {dagbag.py:508} INFO - Filling up the DagBag from /opt/airflow/dags/tutorial.py
[2022-08-30T02:41:17.368+0000] {processor.py:650} INFO - DAG(s) dict_keys(['tutorial']) retrieved from /opt/airflow/dags/tutorial.py
[2022-08-30T02:41:17.713+0000] {logging_mixin.py:115} INFO - [2022-08-30T02:41:17.712+0000] {dag.py:2429} INFO - Sync 1 DAGs
[2022-08-30T02:41:17.751+0000] {logging_mixin.py:115} INFO - [2022-08-30T02:41:17.751+0000] {dag.py:2981} INFO - Setting next_dagrun for tutorial to 2022-08-30T02:39:41.672833+00:00, run_after=2022-08-31T02:39:41.672833+00:00
[2022-08-30T02:41:17.773+0000] {processor.py:161} INFO - Processing /opt/airflow/dags/tutorial.py took 0.427 seconds
[2022-08-30T02:41:48.021+0000] {processor.py:153} INFO - Started process (PID=855) to work on /opt/airflow/dags/tutorial.py
[2022-08-30T02:41:48.023+0000] {processor.py:640} INFO - Processing file /opt/airflow/dags/tutorial.py for tasks to queue
[2022-08-30T02:41:48.026+0000] {logging_mixin.py:115} INFO - [2022-08-30T02:41:48.025+0000] {dagbag.py:508} INFO - Filling up the DagBag from /opt/airflow/dags/tutorial.py
[2022-08-30T02:41:48.039+0000] {processor.py:650} INFO - DAG(s) dict_keys(['tutorial']) retrieved from /opt/airflow/dags/tutorial.py
[2022-08-30T02:41:48.155+0000] {logging_mixin.py:115} INFO - [2022-08-30T02:41:48.155+0000] {dag.py:2429} INFO - Sync 1 DAGs
[2022-08-30T02:41:48.228+0000] {logging_mixin.py:115} INFO - [2022-08-30T02:41:48.228+0000] {dag.py:2981} INFO - Setting next_dagrun for tutorial to 2022-08-30T02:39:41.672833+00:00, run_after=2022-08-31T02:39:41.672833+00:00
[2022-08-30T02:41:48.264+0000] {processor.py:161} INFO - Processing /opt/airflow/dags/tutorial.py took 0.251 seconds
[2022-08-30T02:42:18.965+0000] {processor.py:153} INFO - Started process (PID=907) to work on /opt/airflow/dags/tutorial.py
[2022-08-30T02:42:18.966+0000] {processor.py:640} INFO - Processing file /opt/airflow/dags/tutorial.py for tasks to queue
[2022-08-30T02:42:18.967+0000] {logging_mixin.py:115} INFO - [2022-08-30T02:42:18.967+0000] {dagbag.py:508} INFO - Filling up the DagBag from /opt/airflow/dags/tutorial.py
[2022-08-30T02:42:18.974+0000] {processor.py:650} INFO - DAG(s) dict_keys(['tutorial']) retrieved from /opt/airflow/dags/tutorial.py
[2022-08-30T02:42:18.994+0000] {logging_mixin.py:115} INFO - [2022-08-30T02:42:18.994+0000] {dag.py:2429} INFO - Sync 1 DAGs
[2022-08-30T02:42:19.035+0000] {logging_mixin.py:115} INFO - [2022-08-30T02:42:19.035+0000] {dag.py:2981} INFO - Setting next_dagrun for tutorial to 2022-08-30T02:39:41.672833+00:00, run_after=2022-08-31T02:39:41.672833+00:00
[2022-08-30T02:42:19.074+0000] {processor.py:161} INFO - Processing /opt/airflow/dags/tutorial.py took 0.112 seconds
[2022-08-30T02:42:49.724+0000] {processor.py:153} INFO - Started process (PID=968) to work on /opt/airflow/dags/tutorial.py
[2022-08-30T02:42:49.725+0000] {processor.py:640} INFO - Processing file /opt/airflow/dags/tutorial.py for tasks to queue
[2022-08-30T02:42:49.725+0000] {logging_mixin.py:115} INFO - [2022-08-30T02:42:49.725+0000] {dagbag.py:508} INFO - Filling up the DagBag from /opt/airflow/dags/tutorial.py
[2022-08-30T02:42:49.731+0000] {processor.py:650} INFO - DAG(s) dict_keys(['tutorial']) retrieved from /opt/airflow/dags/tutorial.py
[2022-08-30T02:42:50.224+0000] {logging_mixin.py:115} INFO - [2022-08-30T02:42:50.224+0000] {dag.py:2429} INFO - Sync 1 DAGs
[2022-08-30T02:42:50.282+0000] {logging_mixin.py:115} INFO - [2022-08-30T02:42:50.282+0000] {dag.py:2981} INFO - Setting next_dagrun for tutorial to 2022-08-30T02:39:41.672833+00:00, run_after=2022-08-31T02:39:41.672833+00:00
[2022-08-30T02:42:50.304+0000] {processor.py:161} INFO - Processing /opt/airflow/dags/tutorial.py took 0.584 seconds
[2022-08-30T02:43:20.397+0000] {processor.py:153} INFO - Started process (PID=1028) to work on /opt/airflow/dags/tutorial.py
[2022-08-30T02:43:20.399+0000] {processor.py:640} INFO - Processing file /opt/airflow/dags/tutorial.py for tasks to queue
[2022-08-30T02:43:20.401+0000] {logging_mixin.py:115} INFO - [2022-08-30T02:43:20.401+0000] {dagbag.py:508} INFO - Filling up the DagBag from /opt/airflow/dags/tutorial.py
[2022-08-30T02:43:20.410+0000] {processor.py:650} INFO - DAG(s) dict_keys(['tutorial']) retrieved from /opt/airflow/dags/tutorial.py
[2022-08-30T02:43:20.444+0000] {logging_mixin.py:115} INFO - [2022-08-30T02:43:20.444+0000] {dag.py:2429} INFO - Sync 1 DAGs
[2022-08-30T02:43:20.479+0000] {logging_mixin.py:115} INFO - [2022-08-30T02:43:20.478+0000] {dag.py:2981} INFO - Setting next_dagrun for tutorial to 2022-08-30T02:39:41.672833+00:00, run_after=2022-08-31T02:39:41.672833+00:00
[2022-08-30T02:43:20.499+0000] {processor.py:161} INFO - Processing /opt/airflow/dags/tutorial.py took 0.104 seconds
[2022-08-30T02:43:51.219+0000] {processor.py:153} INFO - Started process (PID=1082) to work on /opt/airflow/dags/tutorial.py
[2022-08-30T02:43:51.220+0000] {processor.py:640} INFO - Processing file /opt/airflow/dags/tutorial.py for tasks to queue
[2022-08-30T02:43:51.220+0000] {logging_mixin.py:115} INFO - [2022-08-30T02:43:51.220+0000] {dagbag.py:508} INFO - Filling up the DagBag from /opt/airflow/dags/tutorial.py
[2022-08-30T02:43:51.225+0000] {processor.py:650} INFO - DAG(s) dict_keys(['tutorial']) retrieved from /opt/airflow/dags/tutorial.py
[2022-08-30T02:43:51.243+0000] {logging_mixin.py:115} INFO - [2022-08-30T02:43:51.243+0000] {dag.py:2429} INFO - Sync 1 DAGs
[2022-08-30T02:43:51.278+0000] {logging_mixin.py:115} INFO - [2022-08-30T02:43:51.278+0000] {dag.py:2981} INFO - Setting next_dagrun for tutorial to 2022-08-30T02:39:41.672833+00:00, run_after=2022-08-31T02:39:41.672833+00:00
[2022-08-30T02:43:51.291+0000] {processor.py:161} INFO - Processing /opt/airflow/dags/tutorial.py took 0.075 seconds
[2022-08-30T02:44:21.326+0000] {processor.py:153} INFO - Started process (PID=1146) to work on /opt/airflow/dags/tutorial.py
[2022-08-30T02:44:21.327+0000] {processor.py:640} INFO - Processing file /opt/airflow/dags/tutorial.py for tasks to queue
[2022-08-30T02:44:21.327+0000] {logging_mixin.py:115} INFO - [2022-08-30T02:44:21.327+0000] {dagbag.py:508} INFO - Filling up the DagBag from /opt/airflow/dags/tutorial.py
[2022-08-30T02:44:21.334+0000] {processor.py:650} INFO - DAG(s) dict_keys(['tutorial']) retrieved from /opt/airflow/dags/tutorial.py
[2022-08-30T02:44:21.609+0000] {logging_mixin.py:115} INFO - [2022-08-30T02:44:21.609+0000] {dag.py:2429} INFO - Sync 1 DAGs
[2022-08-30T02:44:21.653+0000] {logging_mixin.py:115} INFO - [2022-08-30T02:44:21.653+0000] {dag.py:2981} INFO - Setting next_dagrun for tutorial to 2022-08-30T02:39:41.672833+00:00, run_after=2022-08-31T02:39:41.672833+00:00
[2022-08-30T02:44:21.681+0000] {processor.py:161} INFO - Processing /opt/airflow/dags/tutorial.py took 0.358 seconds
[2022-08-30T02:44:51.770+0000] {processor.py:153} INFO - Started process (PID=1208) to work on /opt/airflow/dags/tutorial.py
[2022-08-30T02:44:51.774+0000] {processor.py:640} INFO - Processing file /opt/airflow/dags/tutorial.py for tasks to queue
[2022-08-30T02:44:51.776+0000] {logging_mixin.py:115} INFO - [2022-08-30T02:44:51.775+0000] {dagbag.py:508} INFO - Filling up the DagBag from /opt/airflow/dags/tutorial.py
[2022-08-30T02:44:51.784+0000] {processor.py:650} INFO - DAG(s) dict_keys(['tutorial']) retrieved from /opt/airflow/dags/tutorial.py
[2022-08-30T02:44:51.821+0000] {logging_mixin.py:115} INFO - [2022-08-30T02:44:51.821+0000] {dag.py:2429} INFO - Sync 1 DAGs
[2022-08-30T02:44:51.855+0000] {logging_mixin.py:115} INFO - [2022-08-30T02:44:51.855+0000] {dag.py:2981} INFO - Setting next_dagrun for tutorial to 2022-08-30T02:39:41.672833+00:00, run_after=2022-08-31T02:39:41.672833+00:00
[2022-08-30T02:44:51.871+0000] {processor.py:161} INFO - Processing /opt/airflow/dags/tutorial.py took 0.113 seconds
[2022-08-30T02:45:22.521+0000] {processor.py:153} INFO - Started process (PID=1272) to work on /opt/airflow/dags/tutorial.py
[2022-08-30T02:45:22.522+0000] {processor.py:640} INFO - Processing file /opt/airflow/dags/tutorial.py for tasks to queue
[2022-08-30T02:45:22.523+0000] {logging_mixin.py:115} INFO - [2022-08-30T02:45:22.523+0000] {dagbag.py:508} INFO - Filling up the DagBag from /opt/airflow/dags/tutorial.py
[2022-08-30T02:45:22.530+0000] {processor.py:650} INFO - DAG(s) dict_keys(['tutorial']) retrieved from /opt/airflow/dags/tutorial.py
[2022-08-30T02:45:22.560+0000] {logging_mixin.py:115} INFO - [2022-08-30T02:45:22.559+0000] {dag.py:2429} INFO - Sync 1 DAGs
[2022-08-30T02:45:22.622+0000] {logging_mixin.py:115} INFO - [2022-08-30T02:45:22.622+0000] {dag.py:2981} INFO - Setting next_dagrun for tutorial to 2022-08-30T02:39:41.672833+00:00, run_after=2022-08-31T02:39:41.672833+00:00
[2022-08-30T02:45:22.646+0000] {processor.py:161} INFO - Processing /opt/airflow/dags/tutorial.py took 0.136 seconds
[2022-08-30T02:45:53.050+0000] {processor.py:153} INFO - Started process (PID=1326) to work on /opt/airflow/dags/tutorial.py
[2022-08-30T02:45:53.051+0000] {processor.py:640} INFO - Processing file /opt/airflow/dags/tutorial.py for tasks to queue
[2022-08-30T02:45:53.052+0000] {logging_mixin.py:115} INFO - [2022-08-30T02:45:53.052+0000] {dagbag.py:508} INFO - Filling up the DagBag from /opt/airflow/dags/tutorial.py
[2022-08-30T02:45:53.058+0000] {processor.py:650} INFO - DAG(s) dict_keys(['tutorial']) retrieved from /opt/airflow/dags/tutorial.py
[2022-08-30T02:45:53.356+0000] {logging_mixin.py:115} INFO - [2022-08-30T02:45:53.356+0000] {dag.py:2429} INFO - Sync 1 DAGs
[2022-08-30T02:45:53.390+0000] {logging_mixin.py:115} INFO - [2022-08-30T02:45:53.390+0000] {dag.py:2981} INFO - Setting next_dagrun for tutorial to 2022-08-30T02:39:41.672833+00:00, run_after=2022-08-31T02:39:41.672833+00:00
[2022-08-30T02:45:53.414+0000] {processor.py:161} INFO - Processing /opt/airflow/dags/tutorial.py took 0.370 seconds
[2022-08-30T02:46:23.932+0000] {processor.py:153} INFO - Started process (PID=1387) to work on /opt/airflow/dags/tutorial.py
[2022-08-30T02:46:23.933+0000] {processor.py:640} INFO - Processing file /opt/airflow/dags/tutorial.py for tasks to queue
[2022-08-30T02:46:23.934+0000] {logging_mixin.py:115} INFO - [2022-08-30T02:46:23.934+0000] {dagbag.py:508} INFO - Filling up the DagBag from /opt/airflow/dags/tutorial.py
[2022-08-30T02:46:23.942+0000] {processor.py:650} INFO - DAG(s) dict_keys(['tutorial']) retrieved from /opt/airflow/dags/tutorial.py
[2022-08-30T02:46:23.969+0000] {logging_mixin.py:115} INFO - [2022-08-30T02:46:23.968+0000] {dag.py:2429} INFO - Sync 1 DAGs
[2022-08-30T02:46:23.993+0000] {logging_mixin.py:115} INFO - [2022-08-30T02:46:23.993+0000] {dag.py:2981} INFO - Setting next_dagrun for tutorial to 2022-08-30T02:39:41.672833+00:00, run_after=2022-08-31T02:39:41.672833+00:00
[2022-08-30T02:46:24.014+0000] {processor.py:161} INFO - Processing /opt/airflow/dags/tutorial.py took 0.086 seconds
[2022-08-30T02:46:54.248+0000] {processor.py:153} INFO - Started process (PID=1443) to work on /opt/airflow/dags/tutorial.py
[2022-08-30T02:46:54.249+0000] {processor.py:640} INFO - Processing file /opt/airflow/dags/tutorial.py for tasks to queue
[2022-08-30T02:46:54.250+0000] {logging_mixin.py:115} INFO - [2022-08-30T02:46:54.250+0000] {dagbag.py:508} INFO - Filling up the DagBag from /opt/airflow/dags/tutorial.py
[2022-08-30T02:46:54.256+0000] {processor.py:650} INFO - DAG(s) dict_keys(['tutorial']) retrieved from /opt/airflow/dags/tutorial.py
[2022-08-30T02:46:54.274+0000] {logging_mixin.py:115} INFO - [2022-08-30T02:46:54.274+0000] {dag.py:2429} INFO - Sync 1 DAGs
[2022-08-30T02:46:54.300+0000] {logging_mixin.py:115} INFO - [2022-08-30T02:46:54.300+0000] {dag.py:2981} INFO - Setting next_dagrun for tutorial to 2022-08-30T02:39:41.672833+00:00, run_after=2022-08-31T02:39:41.672833+00:00
[2022-08-30T02:46:54.313+0000] {processor.py:161} INFO - Processing /opt/airflow/dags/tutorial.py took 0.068 seconds
[2022-08-30T02:47:24.875+0000] {processor.py:153} INFO - Started process (PID=1506) to work on /opt/airflow/dags/tutorial.py
[2022-08-30T02:47:24.880+0000] {processor.py:640} INFO - Processing file /opt/airflow/dags/tutorial.py for tasks to queue
[2022-08-30T02:47:24.881+0000] {logging_mixin.py:115} INFO - [2022-08-30T02:47:24.881+0000] {dagbag.py:508} INFO - Filling up the DagBag from /opt/airflow/dags/tutorial.py
[2022-08-30T02:47:24.894+0000] {processor.py:650} INFO - DAG(s) dict_keys(['tutorial']) retrieved from /opt/airflow/dags/tutorial.py
[2022-08-30T02:47:25.125+0000] {logging_mixin.py:115} INFO - [2022-08-30T02:47:25.125+0000] {dag.py:2429} INFO - Sync 1 DAGs
[2022-08-30T02:47:25.154+0000] {logging_mixin.py:115} INFO - [2022-08-30T02:47:25.154+0000] {dag.py:2981} INFO - Setting next_dagrun for tutorial to 2022-08-30T02:39:41.672833+00:00, run_after=2022-08-31T02:39:41.672833+00:00
[2022-08-30T02:47:25.175+0000] {processor.py:161} INFO - Processing /opt/airflow/dags/tutorial.py took 0.311 seconds
[2022-08-30T02:47:55.611+0000] {processor.py:153} INFO - Started process (PID=1560) to work on /opt/airflow/dags/tutorial.py
[2022-08-30T02:47:55.612+0000] {processor.py:640} INFO - Processing file /opt/airflow/dags/tutorial.py for tasks to queue
[2022-08-30T02:47:55.612+0000] {logging_mixin.py:115} INFO - [2022-08-30T02:47:55.612+0000] {dagbag.py:508} INFO - Filling up the DagBag from /opt/airflow/dags/tutorial.py
[2022-08-30T02:47:55.619+0000] {processor.py:650} INFO - DAG(s) dict_keys(['tutorial']) retrieved from /opt/airflow/dags/tutorial.py
[2022-08-30T02:47:55.657+0000] {logging_mixin.py:115} INFO - [2022-08-30T02:47:55.657+0000] {dag.py:2429} INFO - Sync 1 DAGs
[2022-08-30T02:47:55.689+0000] {logging_mixin.py:115} INFO - [2022-08-30T02:47:55.689+0000] {dag.py:2981} INFO - Setting next_dagrun for tutorial to 2022-08-30T02:39:41.672833+00:00, run_after=2022-08-31T02:39:41.672833+00:00
[2022-08-30T02:47:55.710+0000] {processor.py:161} INFO - Processing /opt/airflow/dags/tutorial.py took 0.103 seconds
[2022-08-30T02:48:25.879+0000] {processor.py:153} INFO - Started process (PID=1622) to work on /opt/airflow/dags/tutorial.py
[2022-08-30T02:48:25.880+0000] {processor.py:640} INFO - Processing file /opt/airflow/dags/tutorial.py for tasks to queue
[2022-08-30T02:48:25.880+0000] {logging_mixin.py:115} INFO - [2022-08-30T02:48:25.880+0000] {dagbag.py:508} INFO - Filling up the DagBag from /opt/airflow/dags/tutorial.py
[2022-08-30T02:48:25.886+0000] {processor.py:650} INFO - DAG(s) dict_keys(['tutorial']) retrieved from /opt/airflow/dags/tutorial.py
[2022-08-30T02:48:25.907+0000] {logging_mixin.py:115} INFO - [2022-08-30T02:48:25.906+0000] {dag.py:2429} INFO - Sync 1 DAGs
[2022-08-30T02:48:25.943+0000] {logging_mixin.py:115} INFO - [2022-08-30T02:48:25.942+0000] {dag.py:2981} INFO - Setting next_dagrun for tutorial to 2022-08-30T02:39:41.672833+00:00, run_after=2022-08-31T02:39:41.672833+00:00
[2022-08-30T02:48:25.954+0000] {processor.py:161} INFO - Processing /opt/airflow/dags/tutorial.py took 0.078 seconds
[2022-08-30T02:48:56.010+0000] {processor.py:153} INFO - Started process (PID=1672) to work on /opt/airflow/dags/tutorial.py
[2022-08-30T02:48:56.011+0000] {processor.py:640} INFO - Processing file /opt/airflow/dags/tutorial.py for tasks to queue
[2022-08-30T02:48:56.011+0000] {logging_mixin.py:115} INFO - [2022-08-30T02:48:56.011+0000] {dagbag.py:508} INFO - Filling up the DagBag from /opt/airflow/dags/tutorial.py
[2022-08-30T02:48:56.017+0000] {processor.py:650} INFO - DAG(s) dict_keys(['tutorial']) retrieved from /opt/airflow/dags/tutorial.py
[2022-08-30T02:48:56.274+0000] {logging_mixin.py:115} INFO - [2022-08-30T02:48:56.274+0000] {dag.py:2429} INFO - Sync 1 DAGs
[2022-08-30T02:48:56.315+0000] {logging_mixin.py:115} INFO - [2022-08-30T02:48:56.314+0000] {dag.py:2981} INFO - Setting next_dagrun for tutorial to 2022-08-30T02:39:41.672833+00:00, run_after=2022-08-31T02:39:41.672833+00:00
[2022-08-30T02:48:56.343+0000] {processor.py:161} INFO - Processing /opt/airflow/dags/tutorial.py took 0.337 seconds
[2022-08-30T02:49:27.313+0000] {processor.py:153} INFO - Started process (PID=1734) to work on /opt/airflow/dags/tutorial.py
[2022-08-30T02:49:27.320+0000] {processor.py:640} INFO - Processing file /opt/airflow/dags/tutorial.py for tasks to queue
[2022-08-30T02:49:27.322+0000] {logging_mixin.py:115} INFO - [2022-08-30T02:49:27.321+0000] {dagbag.py:508} INFO - Filling up the DagBag from /opt/airflow/dags/tutorial.py
[2022-08-30T02:49:27.331+0000] {processor.py:650} INFO - DAG(s) dict_keys(['tutorial']) retrieved from /opt/airflow/dags/tutorial.py
[2022-08-30T02:49:27.774+0000] {logging_mixin.py:115} INFO - [2022-08-30T02:49:27.774+0000] {dag.py:2429} INFO - Sync 1 DAGs
[2022-08-30T02:49:27.811+0000] {logging_mixin.py:115} INFO - [2022-08-30T02:49:27.811+0000] {dag.py:2981} INFO - Setting next_dagrun for tutorial to 2022-08-30T02:39:41.672833+00:00, run_after=2022-08-31T02:39:41.672833+00:00
[2022-08-30T02:49:27.831+0000] {processor.py:161} INFO - Processing /opt/airflow/dags/tutorial.py took 0.535 seconds
[2022-08-30T02:49:57.878+0000] {processor.py:153} INFO - Started process (PID=1787) to work on /opt/airflow/dags/tutorial.py
[2022-08-30T02:49:57.879+0000] {processor.py:640} INFO - Processing file /opt/airflow/dags/tutorial.py for tasks to queue
[2022-08-30T02:49:57.880+0000] {logging_mixin.py:115} INFO - [2022-08-30T02:49:57.880+0000] {dagbag.py:508} INFO - Filling up the DagBag from /opt/airflow/dags/tutorial.py
[2022-08-30T02:49:57.889+0000] {processor.py:650} INFO - DAG(s) dict_keys(['tutorial']) retrieved from /opt/airflow/dags/tutorial.py
[2022-08-30T02:49:57.921+0000] {logging_mixin.py:115} INFO - [2022-08-30T02:49:57.921+0000] {dag.py:2429} INFO - Sync 1 DAGs
[2022-08-30T02:49:57.952+0000] {logging_mixin.py:115} INFO - [2022-08-30T02:49:57.952+0000] {dag.py:2981} INFO - Setting next_dagrun for tutorial to 2022-08-30T02:39:41.672833+00:00, run_after=2022-08-31T02:39:41.672833+00:00
[2022-08-30T02:49:57.970+0000] {processor.py:161} INFO - Processing /opt/airflow/dags/tutorial.py took 0.096 seconds
[2022-08-30T02:50:28.631+0000] {processor.py:153} INFO - Started process (PID=1846) to work on /opt/airflow/dags/tutorial.py
[2022-08-30T02:50:28.633+0000] {processor.py:640} INFO - Processing file /opt/airflow/dags/tutorial.py for tasks to queue
[2022-08-30T02:50:28.635+0000] {logging_mixin.py:115} INFO - [2022-08-30T02:50:28.634+0000] {dagbag.py:508} INFO - Filling up the DagBag from /opt/airflow/dags/tutorial.py
[2022-08-30T02:50:28.643+0000] {processor.py:650} INFO - DAG(s) dict_keys(['tutorial']) retrieved from /opt/airflow/dags/tutorial.py
[2022-08-30T02:50:28.925+0000] {logging_mixin.py:115} INFO - [2022-08-30T02:50:28.925+0000] {dag.py:2429} INFO - Sync 1 DAGs
[2022-08-30T02:50:28.954+0000] {logging_mixin.py:115} INFO - [2022-08-30T02:50:28.954+0000] {dag.py:2981} INFO - Setting next_dagrun for tutorial to 2022-08-30T02:39:41.672833+00:00, run_after=2022-08-31T02:39:41.672833+00:00
[2022-08-30T02:50:28.975+0000] {processor.py:161} INFO - Processing /opt/airflow/dags/tutorial.py took 0.350 seconds
[2022-08-30T02:50:59.623+0000] {processor.py:153} INFO - Started process (PID=1899) to work on /opt/airflow/dags/tutorial.py
[2022-08-30T02:50:59.624+0000] {processor.py:640} INFO - Processing file /opt/airflow/dags/tutorial.py for tasks to queue
[2022-08-30T02:50:59.625+0000] {logging_mixin.py:115} INFO - [2022-08-30T02:50:59.624+0000] {dagbag.py:508} INFO - Filling up the DagBag from /opt/airflow/dags/tutorial.py
[2022-08-30T02:50:59.635+0000] {processor.py:650} INFO - DAG(s) dict_keys(['tutorial']) retrieved from /opt/airflow/dags/tutorial.py
[2022-08-30T02:50:59.678+0000] {logging_mixin.py:115} INFO - [2022-08-30T02:50:59.677+0000] {dag.py:2429} INFO - Sync 1 DAGs
[2022-08-30T02:50:59.723+0000] {logging_mixin.py:115} INFO - [2022-08-30T02:50:59.722+0000] {dag.py:2981} INFO - Setting next_dagrun for tutorial to 2022-08-30T02:39:41.672833+00:00, run_after=2022-08-31T02:39:41.672833+00:00
[2022-08-30T02:51:00.028+0000] {processor.py:161} INFO - Processing /opt/airflow/dags/tutorial.py took 0.408 seconds
[2022-08-30T02:51:30.124+0000] {processor.py:153} INFO - Started process (PID=1963) to work on /opt/airflow/dags/tutorial.py
[2022-08-30T02:51:30.125+0000] {processor.py:640} INFO - Processing file /opt/airflow/dags/tutorial.py for tasks to queue
[2022-08-30T02:51:30.125+0000] {logging_mixin.py:115} INFO - [2022-08-30T02:51:30.125+0000] {dagbag.py:508} INFO - Filling up the DagBag from /opt/airflow/dags/tutorial.py
[2022-08-30T02:51:30.137+0000] {processor.py:650} INFO - DAG(s) dict_keys(['tutorial']) retrieved from /opt/airflow/dags/tutorial.py
[2022-08-30T02:51:30.150+0000] {logging_mixin.py:115} INFO - [2022-08-30T02:51:30.150+0000] {dag.py:2429} INFO - Sync 1 DAGs
[2022-08-30T02:51:30.179+0000] {logging_mixin.py:115} INFO - [2022-08-30T02:51:30.178+0000] {dag.py:2981} INFO - Setting next_dagrun for tutorial to 2022-08-30T02:39:41.672833+00:00, run_after=2022-08-31T02:39:41.672833+00:00
[2022-08-30T02:51:30.191+0000] {processor.py:161} INFO - Processing /opt/airflow/dags/tutorial.py took 0.070 seconds
[2022-08-30T02:52:00.473+0000] {processor.py:153} INFO - Started process (PID=2016) to work on /opt/airflow/dags/tutorial.py
[2022-08-30T02:52:00.475+0000] {processor.py:640} INFO - Processing file /opt/airflow/dags/tutorial.py for tasks to queue
[2022-08-30T02:52:00.476+0000] {logging_mixin.py:115} INFO - [2022-08-30T02:52:00.476+0000] {dagbag.py:508} INFO - Filling up the DagBag from /opt/airflow/dags/tutorial.py
[2022-08-30T02:52:00.481+0000] {processor.py:650} INFO - DAG(s) dict_keys(['tutorial']) retrieved from /opt/airflow/dags/tutorial.py
[2022-08-30T02:52:00.782+0000] {logging_mixin.py:115} INFO - [2022-08-30T02:52:00.782+0000] {dag.py:2429} INFO - Sync 1 DAGs
[2022-08-30T02:52:00.821+0000] {logging_mixin.py:115} INFO - [2022-08-30T02:52:00.821+0000] {dag.py:2981} INFO - Setting next_dagrun for tutorial to 2022-08-30T02:39:41.672833+00:00, run_after=2022-08-31T02:39:41.672833+00:00
[2022-08-30T02:52:00.849+0000] {processor.py:161} INFO - Processing /opt/airflow/dags/tutorial.py took 0.381 seconds
[2022-08-30T02:52:31.460+0000] {processor.py:153} INFO - Started process (PID=2077) to work on /opt/airflow/dags/tutorial.py
[2022-08-30T02:52:31.461+0000] {processor.py:640} INFO - Processing file /opt/airflow/dags/tutorial.py for tasks to queue
[2022-08-30T02:52:31.462+0000] {logging_mixin.py:115} INFO - [2022-08-30T02:52:31.462+0000] {dagbag.py:508} INFO - Filling up the DagBag from /opt/airflow/dags/tutorial.py
[2022-08-30T02:52:31.469+0000] {processor.py:650} INFO - DAG(s) dict_keys(['tutorial']) retrieved from /opt/airflow/dags/tutorial.py
[2022-08-30T02:52:31.504+0000] {logging_mixin.py:115} INFO - [2022-08-30T02:52:31.503+0000] {dag.py:2429} INFO - Sync 1 DAGs
[2022-08-30T02:52:31.544+0000] {logging_mixin.py:115} INFO - [2022-08-30T02:52:31.544+0000] {dag.py:2981} INFO - Setting next_dagrun for tutorial to 2022-08-30T02:39:41.672833+00:00, run_after=2022-08-31T02:39:41.672833+00:00
[2022-08-30T02:52:31.740+0000] {processor.py:161} INFO - Processing /opt/airflow/dags/tutorial.py took 0.283 seconds
[2022-08-30T02:53:03.097+0000] {processor.py:153} INFO - Started process (PID=2139) to work on /opt/airflow/dags/tutorial.py
[2022-08-30T02:53:03.099+0000] {processor.py:640} INFO - Processing file /opt/airflow/dags/tutorial.py for tasks to queue
[2022-08-30T02:53:03.101+0000] {logging_mixin.py:115} INFO - [2022-08-30T02:53:03.100+0000] {dagbag.py:508} INFO - Filling up the DagBag from /opt/airflow/dags/tutorial.py
[2022-08-30T02:53:03.108+0000] {processor.py:650} INFO - DAG(s) dict_keys(['tutorial']) retrieved from /opt/airflow/dags/tutorial.py
[2022-08-30T02:53:03.126+0000] {logging_mixin.py:115} INFO - [2022-08-30T02:53:03.126+0000] {dag.py:2429} INFO - Sync 1 DAGs
[2022-08-30T02:53:03.166+0000] {logging_mixin.py:115} INFO - [2022-08-30T02:53:03.165+0000] {dag.py:2981} INFO - Setting next_dagrun for tutorial to 2022-08-30T02:39:41.672833+00:00, run_after=2022-08-31T02:39:41.672833+00:00
[2022-08-30T02:53:03.183+0000] {processor.py:161} INFO - Processing /opt/airflow/dags/tutorial.py took 0.092 seconds
[2022-08-30T02:53:33.487+0000] {processor.py:153} INFO - Started process (PID=2192) to work on /opt/airflow/dags/tutorial.py
[2022-08-30T02:53:33.488+0000] {processor.py:640} INFO - Processing file /opt/airflow/dags/tutorial.py for tasks to queue
[2022-08-30T02:53:33.489+0000] {logging_mixin.py:115} INFO - [2022-08-30T02:53:33.489+0000] {dagbag.py:508} INFO - Filling up the DagBag from /opt/airflow/dags/tutorial.py
[2022-08-30T02:53:33.497+0000] {processor.py:650} INFO - DAG(s) dict_keys(['tutorial']) retrieved from /opt/airflow/dags/tutorial.py
[2022-08-30T02:53:33.805+0000] {logging_mixin.py:115} INFO - [2022-08-30T02:53:33.804+0000] {dag.py:2429} INFO - Sync 1 DAGs
[2022-08-30T02:53:33.842+0000] {logging_mixin.py:115} INFO - [2022-08-30T02:53:33.842+0000] {dag.py:2981} INFO - Setting next_dagrun for tutorial to 2022-08-30T02:39:41.672833+00:00, run_after=2022-08-31T02:39:41.672833+00:00
[2022-08-30T02:53:33.865+0000] {processor.py:161} INFO - Processing /opt/airflow/dags/tutorial.py took 0.382 seconds
[2022-08-30T02:54:03.956+0000] {processor.py:153} INFO - Started process (PID=2245) to work on /opt/airflow/dags/tutorial.py
[2022-08-30T02:54:03.957+0000] {processor.py:640} INFO - Processing file /opt/airflow/dags/tutorial.py for tasks to queue
[2022-08-30T02:54:03.958+0000] {logging_mixin.py:115} INFO - [2022-08-30T02:54:03.958+0000] {dagbag.py:508} INFO - Filling up the DagBag from /opt/airflow/dags/tutorial.py
[2022-08-30T02:54:03.968+0000] {processor.py:650} INFO - DAG(s) dict_keys(['tutorial']) retrieved from /opt/airflow/dags/tutorial.py
[2022-08-30T02:54:03.993+0000] {logging_mixin.py:115} INFO - [2022-08-30T02:54:03.993+0000] {dag.py:2429} INFO - Sync 1 DAGs
[2022-08-30T02:54:04.020+0000] {logging_mixin.py:115} INFO - [2022-08-30T02:54:04.020+0000] {dag.py:2981} INFO - Setting next_dagrun for tutorial to 2022-08-30T02:39:41.672833+00:00, run_after=2022-08-31T02:39:41.672833+00:00
[2022-08-30T02:54:04.172+0000] {processor.py:161} INFO - Processing /opt/airflow/dags/tutorial.py took 0.219 seconds
[2022-08-30T02:54:34.269+0000] {processor.py:153} INFO - Started process (PID=2306) to work on /opt/airflow/dags/tutorial.py
[2022-08-30T02:54:34.271+0000] {processor.py:640} INFO - Processing file /opt/airflow/dags/tutorial.py for tasks to queue
[2022-08-30T02:54:34.272+0000] {logging_mixin.py:115} INFO - [2022-08-30T02:54:34.272+0000] {dagbag.py:508} INFO - Filling up the DagBag from /opt/airflow/dags/tutorial.py
[2022-08-30T02:54:34.279+0000] {processor.py:650} INFO - DAG(s) dict_keys(['tutorial']) retrieved from /opt/airflow/dags/tutorial.py
[2022-08-30T02:54:34.292+0000] {logging_mixin.py:115} INFO - [2022-08-30T02:54:34.292+0000] {dag.py:2429} INFO - Sync 1 DAGs
[2022-08-30T02:54:34.324+0000] {logging_mixin.py:115} INFO - [2022-08-30T02:54:34.323+0000] {dag.py:2981} INFO - Setting next_dagrun for tutorial to 2022-08-30T02:39:41.672833+00:00, run_after=2022-08-31T02:39:41.672833+00:00
[2022-08-30T02:54:34.344+0000] {processor.py:161} INFO - Processing /opt/airflow/dags/tutorial.py took 0.085 seconds
[2022-08-30T02:55:05.175+0000] {processor.py:153} INFO - Started process (PID=2359) to work on /opt/airflow/dags/tutorial.py
[2022-08-30T02:55:05.176+0000] {processor.py:640} INFO - Processing file /opt/airflow/dags/tutorial.py for tasks to queue
[2022-08-30T02:55:05.176+0000] {logging_mixin.py:115} INFO - [2022-08-30T02:55:05.176+0000] {dagbag.py:508} INFO - Filling up the DagBag from /opt/airflow/dags/tutorial.py
[2022-08-30T02:55:05.180+0000] {processor.py:650} INFO - DAG(s) dict_keys(['tutorial']) retrieved from /opt/airflow/dags/tutorial.py
[2022-08-30T02:55:05.443+0000] {logging_mixin.py:115} INFO - [2022-08-30T02:55:05.442+0000] {dag.py:2429} INFO - Sync 1 DAGs
[2022-08-30T02:55:05.477+0000] {logging_mixin.py:115} INFO - [2022-08-30T02:55:05.477+0000] {dag.py:2981} INFO - Setting next_dagrun for tutorial to 2022-08-30T02:39:41.672833+00:00, run_after=2022-08-31T02:39:41.672833+00:00
[2022-08-30T02:55:05.502+0000] {processor.py:161} INFO - Processing /opt/airflow/dags/tutorial.py took 0.330 seconds
[2022-08-30T02:55:36.116+0000] {processor.py:153} INFO - Started process (PID=2422) to work on /opt/airflow/dags/tutorial.py
[2022-08-30T02:55:36.117+0000] {processor.py:640} INFO - Processing file /opt/airflow/dags/tutorial.py for tasks to queue
[2022-08-30T02:55:36.118+0000] {logging_mixin.py:115} INFO - [2022-08-30T02:55:36.118+0000] {dagbag.py:508} INFO - Filling up the DagBag from /opt/airflow/dags/tutorial.py
[2022-08-30T02:55:36.123+0000] {processor.py:650} INFO - DAG(s) dict_keys(['tutorial']) retrieved from /opt/airflow/dags/tutorial.py
[2022-08-30T02:55:36.163+0000] {logging_mixin.py:115} INFO - [2022-08-30T02:55:36.163+0000] {dag.py:2429} INFO - Sync 1 DAGs
[2022-08-30T02:55:36.191+0000] {logging_mixin.py:115} INFO - [2022-08-30T02:55:36.191+0000] {dag.py:2981} INFO - Setting next_dagrun for tutorial to 2022-08-30T02:39:41.672833+00:00, run_after=2022-08-31T02:39:41.672833+00:00
[2022-08-30T02:55:36.389+0000] {processor.py:161} INFO - Processing /opt/airflow/dags/tutorial.py took 0.276 seconds
[2022-08-30T02:56:06.950+0000] {processor.py:153} INFO - Started process (PID=2476) to work on /opt/airflow/dags/tutorial.py
[2022-08-30T02:56:06.951+0000] {processor.py:640} INFO - Processing file /opt/airflow/dags/tutorial.py for tasks to queue
[2022-08-30T02:56:06.952+0000] {logging_mixin.py:115} INFO - [2022-08-30T02:56:06.952+0000] {dagbag.py:508} INFO - Filling up the DagBag from /opt/airflow/dags/tutorial.py
[2022-08-30T02:56:06.957+0000] {processor.py:650} INFO - DAG(s) dict_keys(['tutorial']) retrieved from /opt/airflow/dags/tutorial.py
[2022-08-30T02:56:06.974+0000] {logging_mixin.py:115} INFO - [2022-08-30T02:56:06.973+0000] {dag.py:2429} INFO - Sync 1 DAGs
[2022-08-30T02:56:07.004+0000] {logging_mixin.py:115} INFO - [2022-08-30T02:56:07.004+0000] {dag.py:2981} INFO - Setting next_dagrun for tutorial to 2022-08-30T02:39:41.672833+00:00, run_after=2022-08-31T02:39:41.672833+00:00
[2022-08-30T02:56:07.022+0000] {processor.py:161} INFO - Processing /opt/airflow/dags/tutorial.py took 0.074 seconds
[2022-08-30T02:56:37.344+0000] {processor.py:153} INFO - Started process (PID=2539) to work on /opt/airflow/dags/tutorial.py
[2022-08-30T02:56:37.347+0000] {processor.py:640} INFO - Processing file /opt/airflow/dags/tutorial.py for tasks to queue
[2022-08-30T02:56:37.348+0000] {logging_mixin.py:115} INFO - [2022-08-30T02:56:37.348+0000] {dagbag.py:508} INFO - Filling up the DagBag from /opt/airflow/dags/tutorial.py
[2022-08-30T02:56:37.352+0000] {processor.py:650} INFO - DAG(s) dict_keys(['tutorial']) retrieved from /opt/airflow/dags/tutorial.py
[2022-08-30T02:56:37.618+0000] {logging_mixin.py:115} INFO - [2022-08-30T02:56:37.618+0000] {dag.py:2429} INFO - Sync 1 DAGs
[2022-08-30T02:56:37.648+0000] {logging_mixin.py:115} INFO - [2022-08-30T02:56:37.647+0000] {dag.py:2981} INFO - Setting next_dagrun for tutorial to 2022-08-30T02:39:41.672833+00:00, run_after=2022-08-31T02:39:41.672833+00:00
[2022-08-30T02:56:37.668+0000] {processor.py:161} INFO - Processing /opt/airflow/dags/tutorial.py took 0.327 seconds
[2022-08-30T02:57:08.411+0000] {processor.py:153} INFO - Started process (PID=2593) to work on /opt/airflow/dags/tutorial.py
[2022-08-30T02:57:08.413+0000] {processor.py:640} INFO - Processing file /opt/airflow/dags/tutorial.py for tasks to queue
[2022-08-30T02:57:08.414+0000] {logging_mixin.py:115} INFO - [2022-08-30T02:57:08.414+0000] {dagbag.py:508} INFO - Filling up the DagBag from /opt/airflow/dags/tutorial.py
[2022-08-30T02:57:08.421+0000] {processor.py:650} INFO - DAG(s) dict_keys(['tutorial']) retrieved from /opt/airflow/dags/tutorial.py
[2022-08-30T02:57:08.472+0000] {logging_mixin.py:115} INFO - [2022-08-30T02:57:08.472+0000] {dag.py:2429} INFO - Sync 1 DAGs
[2022-08-30T02:57:08.541+0000] {logging_mixin.py:115} INFO - [2022-08-30T02:57:08.540+0000] {dag.py:2981} INFO - Setting next_dagrun for tutorial to 2022-08-30T02:39:41.672833+00:00, run_after=2022-08-31T02:39:41.672833+00:00
[2022-08-30T02:57:08.994+0000] {processor.py:161} INFO - Processing /opt/airflow/dags/tutorial.py took 0.590 seconds
[2022-08-30T02:57:39.589+0000] {processor.py:153} INFO - Started process (PID=2656) to work on /opt/airflow/dags/tutorial.py
[2022-08-30T02:57:39.589+0000] {processor.py:640} INFO - Processing file /opt/airflow/dags/tutorial.py for tasks to queue
[2022-08-30T02:57:39.590+0000] {logging_mixin.py:115} INFO - [2022-08-30T02:57:39.590+0000] {dagbag.py:508} INFO - Filling up the DagBag from /opt/airflow/dags/tutorial.py
[2022-08-30T02:57:39.597+0000] {processor.py:650} INFO - DAG(s) dict_keys(['tutorial']) retrieved from /opt/airflow/dags/tutorial.py
[2022-08-30T02:57:39.616+0000] {logging_mixin.py:115} INFO - [2022-08-30T02:57:39.616+0000] {dag.py:2429} INFO - Sync 1 DAGs
[2022-08-30T02:57:39.653+0000] {logging_mixin.py:115} INFO - [2022-08-30T02:57:39.653+0000] {dag.py:2981} INFO - Setting next_dagrun for tutorial to 2022-08-30T02:39:41.672833+00:00, run_after=2022-08-31T02:39:41.672833+00:00
[2022-08-30T02:57:39.674+0000] {processor.py:161} INFO - Processing /opt/airflow/dags/tutorial.py took 0.088 seconds
