[2022-08-30T02:39:46.447+0000] {taskinstance.py:1171} INFO - Dependencies all met for <TaskInstance: tutorial.sleep scheduled__2022-08-29T02:39:41.672833+00:00 [queued]>
[2022-08-30T02:39:46.457+0000] {taskinstance.py:1171} INFO - Dependencies all met for <TaskInstance: tutorial.sleep scheduled__2022-08-29T02:39:41.672833+00:00 [queued]>
[2022-08-30T02:39:46.457+0000] {taskinstance.py:1368} INFO - 
--------------------------------------------------------------------------------
[2022-08-30T02:39:46.458+0000] {taskinstance.py:1369} INFO - Starting attempt 1 of 4
[2022-08-30T02:39:46.458+0000] {taskinstance.py:1370} INFO - 
--------------------------------------------------------------------------------
[2022-08-30T02:39:46.473+0000] {taskinstance.py:1389} INFO - Executing <Task(BashOperator): sleep> on 2022-08-29 02:39:41.672833+00:00
[2022-08-30T02:39:46.485+0000] {standard_task_runner.py:52} INFO - Started process 275 to run task
[2022-08-30T02:39:46.487+0000] {standard_task_runner.py:79} INFO - Running: ['***', 'tasks', 'run', 'tutorial', 'sleep', 'scheduled__2022-08-29T02:39:41.672833+00:00', '--job-id', '28', '--raw', '--subdir', '/home/***/.local/lib/python3.7/site-packages/***/example_dags/tutorial.py', '--cfg-path', '/tmp/tmp4_nc67c6', '--error-file', '/tmp/tmp5o501h4c']
[2022-08-30T02:39:46.488+0000] {standard_task_runner.py:80} INFO - Job 28: Subtask sleep
[2022-08-30T02:39:46.578+0000] {task_command.py:371} INFO - Running <TaskInstance: tutorial.sleep scheduled__2022-08-29T02:39:41.672833+00:00 [running]> on host 7f44611b6b02
[2022-08-30T02:39:46.692+0000] {taskinstance.py:1583} INFO - Exporting the following env vars:
AIRFLOW_CTX_DAG_EMAIL=***@example.com
AIRFLOW_CTX_DAG_OWNER=***
AIRFLOW_CTX_DAG_ID=tutorial
AIRFLOW_CTX_TASK_ID=sleep
AIRFLOW_CTX_EXECUTION_DATE=2022-08-29T02:39:41.672833+00:00
AIRFLOW_CTX_TRY_NUMBER=1
AIRFLOW_CTX_DAG_RUN_ID=scheduled__2022-08-29T02:39:41.672833+00:00
[2022-08-30T02:39:46.693+0000] {subprocess.py:62} INFO - Tmp dir root location: 
 /tmp
[2022-08-30T02:39:46.694+0000] {subprocess.py:74} INFO - Running command: ['/bin/bash', '-c', 'sleep 5']
[2022-08-30T02:39:46.716+0000] {subprocess.py:85} INFO - Output:
[2022-08-30T02:39:51.721+0000] {subprocess.py:96} INFO - Command exited with return code 0
[2022-08-30T02:39:51.762+0000] {taskinstance.py:1412} INFO - Marking task as SUCCESS. dag_id=tutorial, task_id=sleep, execution_date=20220829T023941, start_date=20220830T023946, end_date=20220830T023951
[2022-08-30T02:39:51.818+0000] {local_task_job.py:156} INFO - Task exited with return code 0
[2022-08-30T02:39:51.846+0000] {local_task_job.py:279} INFO - 0 downstream tasks scheduled from follow-on schedule check
