[2022-08-30T02:39:46.531+0000] {taskinstance.py:1171} INFO - Dependencies all met for <TaskInstance: tutorial.templated scheduled__2022-08-29T02:39:41.672833+00:00 [queued]>
[2022-08-30T02:39:46.549+0000] {taskinstance.py:1171} INFO - Dependencies all met for <TaskInstance: tutorial.templated scheduled__2022-08-29T02:39:41.672833+00:00 [queued]>
[2022-08-30T02:39:46.549+0000] {taskinstance.py:1368} INFO - 
--------------------------------------------------------------------------------
[2022-08-30T02:39:46.549+0000] {taskinstance.py:1369} INFO - Starting attempt 1 of 2
[2022-08-30T02:39:46.549+0000] {taskinstance.py:1370} INFO - 
--------------------------------------------------------------------------------
[2022-08-30T02:39:46.571+0000] {taskinstance.py:1389} INFO - Executing <Task(BashOperator): templated> on 2022-08-29 02:39:41.672833+00:00
[2022-08-30T02:39:46.586+0000] {standard_task_runner.py:52} INFO - Started process 276 to run task
[2022-08-30T02:39:46.589+0000] {standard_task_runner.py:79} INFO - Running: ['***', 'tasks', 'run', 'tutorial', 'templated', 'scheduled__2022-08-29T02:39:41.672833+00:00', '--job-id', '29', '--raw', '--subdir', '/home/***/.local/lib/python3.7/site-packages/***/example_dags/tutorial.py', '--cfg-path', '/tmp/tmp9q7uxtvj', '--error-file', '/tmp/tmpy0k6y2i1']
[2022-08-30T02:39:46.590+0000] {standard_task_runner.py:80} INFO - Job 29: Subtask templated
[2022-08-30T02:39:46.680+0000] {task_command.py:371} INFO - Running <TaskInstance: tutorial.templated scheduled__2022-08-29T02:39:41.672833+00:00 [running]> on host 7f44611b6b02
[2022-08-30T02:39:46.784+0000] {taskinstance.py:1583} INFO - Exporting the following env vars:
AIRFLOW_CTX_DAG_EMAIL=***@example.com
AIRFLOW_CTX_DAG_OWNER=***
AIRFLOW_CTX_DAG_ID=tutorial
AIRFLOW_CTX_TASK_ID=templated
AIRFLOW_CTX_EXECUTION_DATE=2022-08-29T02:39:41.672833+00:00
AIRFLOW_CTX_TRY_NUMBER=1
AIRFLOW_CTX_DAG_RUN_ID=scheduled__2022-08-29T02:39:41.672833+00:00
[2022-08-30T02:39:46.785+0000] {subprocess.py:62} INFO - Tmp dir root location: 
 /tmp
[2022-08-30T02:39:46.786+0000] {subprocess.py:74} INFO - Running command: ['/bin/bash', '-c', '\n\n    echo "2022-08-29"\n    echo "2022-09-05"\n\n    echo "2022-08-29"\n    echo "2022-09-05"\n\n    echo "2022-08-29"\n    echo "2022-09-05"\n\n    echo "2022-08-29"\n    echo "2022-09-05"\n\n    echo "2022-08-29"\n    echo "2022-09-05"\n']
[2022-08-30T02:39:46.799+0000] {subprocess.py:85} INFO - Output:
[2022-08-30T02:39:46.800+0000] {subprocess.py:92} INFO - 2022-08-29
[2022-08-30T02:39:46.801+0000] {subprocess.py:92} INFO - 2022-09-05
[2022-08-30T02:39:46.801+0000] {subprocess.py:92} INFO - 2022-08-29
[2022-08-30T02:39:46.801+0000] {subprocess.py:92} INFO - 2022-09-05
[2022-08-30T02:39:46.801+0000] {subprocess.py:92} INFO - 2022-08-29
[2022-08-30T02:39:46.801+0000] {subprocess.py:92} INFO - 2022-09-05
[2022-08-30T02:39:46.801+0000] {subprocess.py:92} INFO - 2022-08-29
[2022-08-30T02:39:46.801+0000] {subprocess.py:92} INFO - 2022-09-05
[2022-08-30T02:39:46.801+0000] {subprocess.py:92} INFO - 2022-08-29
[2022-08-30T02:39:46.802+0000] {subprocess.py:92} INFO - 2022-09-05
[2022-08-30T02:39:46.802+0000] {subprocess.py:96} INFO - Command exited with return code 0
[2022-08-30T02:39:46.838+0000] {taskinstance.py:1412} INFO - Marking task as SUCCESS. dag_id=tutorial, task_id=templated, execution_date=20220829T023941, start_date=20220830T023946, end_date=20220830T023946
[2022-08-30T02:39:46.881+0000] {local_task_job.py:156} INFO - Task exited with return code 0
[2022-08-30T02:39:46.920+0000] {local_task_job.py:279} INFO - 0 downstream tasks scheduled from follow-on schedule check
