[2022-08-30T02:25:14.305+0000] {taskinstance.py:1171} INFO - Dependencies all met for <TaskInstance: postgres_operator_dag.get_all_pets manual__2022-08-30T02:25:07.586200+00:00 [queued]>
[2022-08-30T02:25:14.325+0000] {taskinstance.py:1171} INFO - Dependencies all met for <TaskInstance: postgres_operator_dag.get_all_pets manual__2022-08-30T02:25:07.586200+00:00 [queued]>
[2022-08-30T02:25:14.326+0000] {taskinstance.py:1368} INFO - 
--------------------------------------------------------------------------------
[2022-08-30T02:25:14.327+0000] {taskinstance.py:1369} INFO - Starting attempt 1 of 1
[2022-08-30T02:25:14.328+0000] {taskinstance.py:1370} INFO - 
--------------------------------------------------------------------------------
[2022-08-30T02:25:14.351+0000] {taskinstance.py:1389} INFO - Executing <Task(PostgresOperator): get_all_pets> on 2022-08-30 02:25:07.586200+00:00
[2022-08-30T02:25:14.359+0000] {standard_task_runner.py:52} INFO - Started process 119 to run task
[2022-08-30T02:25:14.367+0000] {standard_task_runner.py:79} INFO - Running: ['***', 'tasks', 'run', 'postgres_operator_dag', 'get_all_pets', 'manual__2022-08-30T02:25:07.586200+00:00', '--job-id', '20', '--raw', '--subdir', 'DAGS_FOLDER/postgres_operator_dag.py', '--cfg-path', '/tmp/tmpvmjes9kw', '--error-file', '/tmp/tmpcwht2q7k']
[2022-08-30T02:25:14.368+0000] {standard_task_runner.py:80} INFO - Job 20: Subtask get_all_pets
[2022-08-30T02:25:14.484+0000] {task_command.py:371} INFO - Running <TaskInstance: postgres_operator_dag.get_all_pets manual__2022-08-30T02:25:07.586200+00:00 [running]> on host 7f44611b6b02
[2022-08-30T02:25:14.587+0000] {taskinstance.py:1583} INFO - Exporting the following env vars:
AIRFLOW_CTX_DAG_OWNER=***
AIRFLOW_CTX_DAG_ID=postgres_operator_dag
AIRFLOW_CTX_TASK_ID=get_all_pets
AIRFLOW_CTX_EXECUTION_DATE=2022-08-30T02:25:07.586200+00:00
AIRFLOW_CTX_TRY_NUMBER=1
AIRFLOW_CTX_DAG_RUN_ID=manual__2022-08-30T02:25:07.586200+00:00
[2022-08-30T02:25:14.601+0000] {base.py:68} INFO - Using connection ID 'postgres_default' for task execution.
[2022-08-30T02:25:14.605+0000] {sql.py:315} INFO - Running statement: SELECT * FROM pet, parameters: None
[2022-08-30T02:25:14.606+0000] {sql.py:324} INFO - Rows affected: 8
[2022-08-30T02:25:14.619+0000] {taskinstance.py:1412} INFO - Marking task as SUCCESS. dag_id=postgres_operator_dag, task_id=get_all_pets, execution_date=20220830T022507, start_date=20220830T022514, end_date=20220830T022514
[2022-08-30T02:25:14.657+0000] {local_task_job.py:156} INFO - Task exited with return code 0
[2022-08-30T02:25:14.739+0000] {local_task_job.py:279} INFO - 1 downstream tasks scheduled from follow-on schedule check
