[2022-08-30T02:44:41.008+0000] {taskinstance.py:1171} INFO - Dependencies all met for <TaskInstance: example_short_circuit_operator.condition_is_False scheduled__2022-08-29T02:44:18.046396+00:00 [queued]>
[2022-08-30T02:44:41.023+0000] {taskinstance.py:1171} INFO - Dependencies all met for <TaskInstance: example_short_circuit_operator.condition_is_False scheduled__2022-08-29T02:44:18.046396+00:00 [queued]>
[2022-08-30T02:44:41.024+0000] {taskinstance.py:1368} INFO - 
--------------------------------------------------------------------------------
[2022-08-30T02:44:41.024+0000] {taskinstance.py:1369} INFO - Starting attempt 1 of 1
[2022-08-30T02:44:41.024+0000] {taskinstance.py:1370} INFO - 
--------------------------------------------------------------------------------
[2022-08-30T02:44:41.042+0000] {taskinstance.py:1389} INFO - Executing <Task(ShortCircuitOperator): condition_is_False> on 2022-08-29 02:44:18.046396+00:00
[2022-08-30T02:44:41.051+0000] {standard_task_runner.py:52} INFO - Started process 500 to run task
[2022-08-30T02:44:41.054+0000] {standard_task_runner.py:79} INFO - Running: ['***', 'tasks', 'run', 'example_short_circuit_operator', 'condition_is_False', 'scheduled__2022-08-29T02:44:18.046396+00:00', '--job-id', '33', '--raw', '--subdir', '/home/***/.local/lib/python3.7/site-packages/***/example_dags/example_short_circuit_operator.py', '--cfg-path', '/tmp/tmpnc3h_mbt', '--error-file', '/tmp/tmpk5swgu3r']
[2022-08-30T02:44:41.055+0000] {standard_task_runner.py:80} INFO - Job 33: Subtask condition_is_False
[2022-08-30T02:44:41.155+0000] {task_command.py:371} INFO - Running <TaskInstance: example_short_circuit_operator.condition_is_False scheduled__2022-08-29T02:44:18.046396+00:00 [running]> on host 7f44611b6b02
[2022-08-30T02:44:41.291+0000] {taskinstance.py:1583} INFO - Exporting the following env vars:
AIRFLOW_CTX_DAG_OWNER=***
AIRFLOW_CTX_DAG_ID=example_short_circuit_operator
AIRFLOW_CTX_TASK_ID=condition_is_False
AIRFLOW_CTX_EXECUTION_DATE=2022-08-29T02:44:18.046396+00:00
AIRFLOW_CTX_TRY_NUMBER=1
AIRFLOW_CTX_DAG_RUN_ID=scheduled__2022-08-29T02:44:18.046396+00:00
[2022-08-30T02:44:41.292+0000] {python.py:173} INFO - Done. Returned value was: False
[2022-08-30T02:44:41.293+0000] {python.py:259} INFO - Condition result is False
[2022-08-30T02:44:41.293+0000] {python.py:273} INFO - Skipping all downstream tasks...
[2022-08-30T02:44:41.326+0000] {python.py:281} INFO - Done.
[2022-08-30T02:44:41.347+0000] {taskinstance.py:1412} INFO - Marking task as SUCCESS. dag_id=example_short_circuit_operator, task_id=condition_is_False, execution_date=20220829T024418, start_date=20220830T024441, end_date=20220830T024441
[2022-08-30T02:44:41.390+0000] {local_task_job.py:156} INFO - Task exited with return code 0
[2022-08-30T02:44:41.439+0000] {local_task_job.py:279} INFO - 0 downstream tasks scheduled from follow-on schedule check
