[2022-08-30T02:52:52.023+0000] {taskinstance.py:1171} INFO - Dependencies all met for <TaskInstance: example_xcom_args_with_operators.print_value manual__2022-08-30T02:52:48.531538+00:00 [queued]>
[2022-08-30T02:52:52.037+0000] {taskinstance.py:1171} INFO - Dependencies all met for <TaskInstance: example_xcom_args_with_operators.print_value manual__2022-08-30T02:52:48.531538+00:00 [queued]>
[2022-08-30T02:52:52.037+0000] {taskinstance.py:1368} INFO - 
--------------------------------------------------------------------------------
[2022-08-30T02:52:52.038+0000] {taskinstance.py:1369} INFO - Starting attempt 1 of 1
[2022-08-30T02:52:52.038+0000] {taskinstance.py:1370} INFO - 
--------------------------------------------------------------------------------
[2022-08-30T02:52:52.052+0000] {taskinstance.py:1389} INFO - Executing <Task(_PythonDecoratedOperator): print_value> on 2022-08-30 02:52:48.531538+00:00
[2022-08-30T02:52:52.058+0000] {standard_task_runner.py:52} INFO - Started process 875 to run task
[2022-08-30T02:52:52.061+0000] {standard_task_runner.py:79} INFO - Running: ['***', 'tasks', 'run', 'example_xcom_args_with_operators', 'print_value', 'manual__2022-08-30T02:52:48.531538+00:00', '--job-id', '40', '--raw', '--subdir', '/home/***/.local/lib/python3.7/site-packages/***/example_dags/example_xcomargs.py', '--cfg-path', '/tmp/tmpw43zjscm', '--error-file', '/tmp/tmpfgire1iy']
[2022-08-30T02:52:52.062+0000] {standard_task_runner.py:80} INFO - Job 40: Subtask print_value
[2022-08-30T02:52:52.141+0000] {task_command.py:371} INFO - Running <TaskInstance: example_xcom_args_with_operators.print_value manual__2022-08-30T02:52:48.531538+00:00 [running]> on host 7f44611b6b02
[2022-08-30T02:52:52.214+0000] {taskinstance.py:1583} INFO - Exporting the following env vars:
AIRFLOW_CTX_DAG_OWNER=***
AIRFLOW_CTX_DAG_ID=example_xcom_args_with_operators
AIRFLOW_CTX_TASK_ID=print_value
AIRFLOW_CTX_EXECUTION_DATE=2022-08-30T02:52:48.531538+00:00
AIRFLOW_CTX_TRY_NUMBER=1
AIRFLOW_CTX_DAG_RUN_ID=manual__2022-08-30T02:52:48.531538+00:00
[2022-08-30T02:52:52.215+0000] {example_xcomargs.py:40} INFO - The knights of Ni say: first! (at 2022-08-30T02:52:48.531538+00:00)
[2022-08-30T02:52:52.215+0000] {python.py:173} INFO - Done. Returned value was: None
[2022-08-30T02:52:52.228+0000] {taskinstance.py:1412} INFO - Marking task as SUCCESS. dag_id=example_xcom_args_with_operators, task_id=print_value, execution_date=20220830T025248, start_date=20220830T025252, end_date=20220830T025252
[2022-08-30T02:52:52.273+0000] {local_task_job.py:156} INFO - Task exited with return code 0
[2022-08-30T02:52:52.361+0000] {local_task_job.py:279} INFO - 1 downstream tasks scheduled from follow-on schedule check
