[2022-08-30T02:44:44.683+0000] {taskinstance.py:1171} INFO - Dependencies all met for <TaskInstance: example_short_circuit_operator.condition_is_True manual__2022-08-30T02:44:42.439965+00:00 [queued]>
[2022-08-30T02:44:44.714+0000] {taskinstance.py:1171} INFO - Dependencies all met for <TaskInstance: example_short_circuit_operator.condition_is_True manual__2022-08-30T02:44:42.439965+00:00 [queued]>
[2022-08-30T02:44:44.715+0000] {taskinstance.py:1368} INFO - 
--------------------------------------------------------------------------------
[2022-08-30T02:44:44.715+0000] {taskinstance.py:1369} INFO - Starting attempt 1 of 1
[2022-08-30T02:44:44.715+0000] {taskinstance.py:1370} INFO - 
--------------------------------------------------------------------------------
[2022-08-30T02:44:44.758+0000] {taskinstance.py:1389} INFO - Executing <Task(ShortCircuitOperator): condition_is_True> on 2022-08-30 02:44:42.439965+00:00
[2022-08-30T02:44:44.774+0000] {standard_task_runner.py:52} INFO - Started process 515 to run task
[2022-08-30T02:44:44.783+0000] {standard_task_runner.py:79} INFO - Running: ['***', 'tasks', 'run', 'example_short_circuit_operator', 'condition_is_True', 'manual__2022-08-30T02:44:42.439965+00:00', '--job-id', '36', '--raw', '--subdir', '/home/***/.local/lib/python3.7/site-packages/***/example_dags/example_short_circuit_operator.py', '--cfg-path', '/tmp/tmpya6esbpo', '--error-file', '/tmp/tmpnxokv6ul']
[2022-08-30T02:44:44.783+0000] {standard_task_runner.py:80} INFO - Job 36: Subtask condition_is_True
[2022-08-30T02:44:44.927+0000] {task_command.py:371} INFO - Running <TaskInstance: example_short_circuit_operator.condition_is_True manual__2022-08-30T02:44:42.439965+00:00 [running]> on host 7f44611b6b02
[2022-08-30T02:44:45.215+0000] {taskinstance.py:1583} INFO - Exporting the following env vars:
AIRFLOW_CTX_DAG_OWNER=***
AIRFLOW_CTX_DAG_ID=example_short_circuit_operator
AIRFLOW_CTX_TASK_ID=condition_is_True
AIRFLOW_CTX_EXECUTION_DATE=2022-08-30T02:44:42.439965+00:00
AIRFLOW_CTX_TRY_NUMBER=1
AIRFLOW_CTX_DAG_RUN_ID=manual__2022-08-30T02:44:42.439965+00:00
[2022-08-30T02:44:45.224+0000] {python.py:173} INFO - Done. Returned value was: True
[2022-08-30T02:44:45.225+0000] {python.py:259} INFO - Condition result is True
[2022-08-30T02:44:45.225+0000] {python.py:262} INFO - Proceeding with downstream tasks...
[2022-08-30T02:44:45.441+0000] {taskinstance.py:1412} INFO - Marking task as SUCCESS. dag_id=example_short_circuit_operator, task_id=condition_is_True, execution_date=20220830T024442, start_date=20220830T024444, end_date=20220830T024445
[2022-08-30T02:44:45.550+0000] {local_task_job.py:156} INFO - Task exited with return code 0
[2022-08-30T02:44:45.780+0000] {local_task_job.py:279} INFO - 1 downstream tasks scheduled from follow-on schedule check
