[2022-08-30T02:39:50.512+0000] {taskinstance.py:1171} INFO - Dependencies all met for <TaskInstance: tutorial.templated manual__2022-08-30T02:39:47.820301+00:00 [queued]>
[2022-08-30T02:39:50.532+0000] {taskinstance.py:1171} INFO - Dependencies all met for <TaskInstance: tutorial.templated manual__2022-08-30T02:39:47.820301+00:00 [queued]>
[2022-08-30T02:39:50.533+0000] {taskinstance.py:1368} INFO - 
--------------------------------------------------------------------------------
[2022-08-30T02:39:50.533+0000] {taskinstance.py:1369} INFO - Starting attempt 1 of 2
[2022-08-30T02:39:50.533+0000] {taskinstance.py:1370} INFO - 
--------------------------------------------------------------------------------
[2022-08-30T02:39:50.559+0000] {taskinstance.py:1389} INFO - Executing <Task(BashOperator): templated> on 2022-08-30 02:39:47.820301+00:00
[2022-08-30T02:39:50.566+0000] {standard_task_runner.py:52} INFO - Started process 285 to run task
[2022-08-30T02:39:50.569+0000] {standard_task_runner.py:79} INFO - Running: ['***', 'tasks', 'run', 'tutorial', 'templated', 'manual__2022-08-30T02:39:47.820301+00:00', '--job-id', '32', '--raw', '--subdir', 'DAGS_FOLDER/tutorial.py', '--cfg-path', '/tmp/tmpd7je5kml', '--error-file', '/tmp/tmp26iwe8xh']
[2022-08-30T02:39:50.570+0000] {standard_task_runner.py:80} INFO - Job 32: Subtask templated
[2022-08-30T02:39:50.749+0000] {task_command.py:371} INFO - Running <TaskInstance: tutorial.templated manual__2022-08-30T02:39:47.820301+00:00 [running]> on host 7f44611b6b02
[2022-08-30T02:39:50.859+0000] {taskinstance.py:1583} INFO - Exporting the following env vars:
AIRFLOW_CTX_DAG_EMAIL=***@example.com
AIRFLOW_CTX_DAG_OWNER=***
AIRFLOW_CTX_DAG_ID=tutorial
AIRFLOW_CTX_TASK_ID=templated
AIRFLOW_CTX_EXECUTION_DATE=2022-08-30T02:39:47.820301+00:00
AIRFLOW_CTX_TRY_NUMBER=1
AIRFLOW_CTX_DAG_RUN_ID=manual__2022-08-30T02:39:47.820301+00:00
[2022-08-30T02:39:50.860+0000] {subprocess.py:62} INFO - Tmp dir root location: 
 /tmp
[2022-08-30T02:39:50.861+0000] {subprocess.py:74} INFO - Running command: ['/bin/bash', '-c', '\n\n    echo "2022-08-30"\n    echo "2022-09-06"\n\n    echo "2022-08-30"\n    echo "2022-09-06"\n\n    echo "2022-08-30"\n    echo "2022-09-06"\n\n    echo "2022-08-30"\n    echo "2022-09-06"\n\n    echo "2022-08-30"\n    echo "2022-09-06"\n']
[2022-08-30T02:39:50.879+0000] {subprocess.py:85} INFO - Output:
[2022-08-30T02:39:50.881+0000] {subprocess.py:92} INFO - 2022-08-30
[2022-08-30T02:39:50.882+0000] {subprocess.py:92} INFO - 2022-09-06
[2022-08-30T02:39:50.882+0000] {subprocess.py:92} INFO - 2022-08-30
[2022-08-30T02:39:50.882+0000] {subprocess.py:92} INFO - 2022-09-06
[2022-08-30T02:39:50.882+0000] {subprocess.py:92} INFO - 2022-08-30
[2022-08-30T02:39:50.882+0000] {subprocess.py:92} INFO - 2022-09-06
[2022-08-30T02:39:50.883+0000] {subprocess.py:92} INFO - 2022-08-30
[2022-08-30T02:39:50.883+0000] {subprocess.py:92} INFO - 2022-09-06
[2022-08-30T02:39:50.883+0000] {subprocess.py:92} INFO - 2022-08-30
[2022-08-30T02:39:50.883+0000] {subprocess.py:92} INFO - 2022-09-06
[2022-08-30T02:39:50.883+0000] {subprocess.py:96} INFO - Command exited with return code 0
[2022-08-30T02:39:50.949+0000] {taskinstance.py:1412} INFO - Marking task as SUCCESS. dag_id=tutorial, task_id=templated, execution_date=20220830T023947, start_date=20220830T023950, end_date=20220830T023950
[2022-08-30T02:39:51.021+0000] {local_task_job.py:156} INFO - Task exited with return code 0
[2022-08-30T02:39:51.114+0000] {local_task_job.py:279} INFO - 0 downstream tasks scheduled from follow-on schedule check
