[2022-08-30T02:52:54.324+0000] {taskinstance.py:1171} INFO - Dependencies all met for <TaskInstance: example_xcom_args_with_operators.d manual__2022-08-30T02:52:48.531538+00:00 [queued]>
[2022-08-30T02:52:54.337+0000] {taskinstance.py:1171} INFO - Dependencies all met for <TaskInstance: example_xcom_args_with_operators.d manual__2022-08-30T02:52:48.531538+00:00 [queued]>
[2022-08-30T02:52:54.338+0000] {taskinstance.py:1368} INFO - 
--------------------------------------------------------------------------------
[2022-08-30T02:52:54.338+0000] {taskinstance.py:1369} INFO - Starting attempt 1 of 1
[2022-08-30T02:52:54.338+0000] {taskinstance.py:1370} INFO - 
--------------------------------------------------------------------------------
[2022-08-30T02:52:54.352+0000] {taskinstance.py:1389} INFO - Executing <Task(BashOperator): d> on 2022-08-30 02:52:48.531538+00:00
[2022-08-30T02:52:54.358+0000] {standard_task_runner.py:52} INFO - Started process 879 to run task
[2022-08-30T02:52:54.360+0000] {standard_task_runner.py:79} INFO - Running: ['***', 'tasks', 'run', 'example_xcom_args_with_operators', 'd', 'manual__2022-08-30T02:52:48.531538+00:00', '--job-id', '42', '--raw', '--subdir', '/home/***/.local/lib/python3.7/site-packages/***/example_dags/example_xcomargs.py', '--cfg-path', '/tmp/tmpk2c2repo', '--error-file', '/tmp/tmpbknp07ww']
[2022-08-30T02:52:54.361+0000] {standard_task_runner.py:80} INFO - Job 42: Subtask d
[2022-08-30T02:52:54.422+0000] {task_command.py:371} INFO - Running <TaskInstance: example_xcom_args_with_operators.d manual__2022-08-30T02:52:48.531538+00:00 [running]> on host 7f44611b6b02
[2022-08-30T02:52:54.491+0000] {taskinstance.py:1583} INFO - Exporting the following env vars:
AIRFLOW_CTX_DAG_OWNER=***
AIRFLOW_CTX_DAG_ID=example_xcom_args_with_operators
AIRFLOW_CTX_TASK_ID=d
AIRFLOW_CTX_EXECUTION_DATE=2022-08-30T02:52:48.531538+00:00
AIRFLOW_CTX_TRY_NUMBER=1
AIRFLOW_CTX_DAG_RUN_ID=manual__2022-08-30T02:52:48.531538+00:00
[2022-08-30T02:52:54.491+0000] {subprocess.py:62} INFO - Tmp dir root location: 
 /tmp
[2022-08-30T02:52:54.492+0000] {subprocess.py:74} INFO - Running command: ['/bin/bash', '-c', 'echo c']
[2022-08-30T02:52:54.509+0000] {subprocess.py:85} INFO - Output:
[2022-08-30T02:52:54.511+0000] {subprocess.py:92} INFO - c
[2022-08-30T02:52:54.511+0000] {subprocess.py:96} INFO - Command exited with return code 0
[2022-08-30T02:52:54.548+0000] {taskinstance.py:1412} INFO - Marking task as SUCCESS. dag_id=example_xcom_args_with_operators, task_id=d, execution_date=20220830T025248, start_date=20220830T025254, end_date=20220830T025254
[2022-08-30T02:52:54.575+0000] {local_task_job.py:156} INFO - Task exited with return code 0
[2022-08-30T02:52:54.636+0000] {local_task_job.py:279} INFO - 0 downstream tasks scheduled from follow-on schedule check
