[2022-08-30T02:39:44.545+0000] {taskinstance.py:1171} INFO - Dependencies all met for <TaskInstance: tutorial.print_date scheduled__2022-08-29T02:39:41.672833+00:00 [queued]>
[2022-08-30T02:39:44.563+0000] {taskinstance.py:1171} INFO - Dependencies all met for <TaskInstance: tutorial.print_date scheduled__2022-08-29T02:39:41.672833+00:00 [queued]>
[2022-08-30T02:39:44.563+0000] {taskinstance.py:1368} INFO - 
--------------------------------------------------------------------------------
[2022-08-30T02:39:44.563+0000] {taskinstance.py:1369} INFO - Starting attempt 1 of 2
[2022-08-30T02:39:44.563+0000] {taskinstance.py:1370} INFO - 
--------------------------------------------------------------------------------
[2022-08-30T02:39:44.598+0000] {taskinstance.py:1389} INFO - Executing <Task(BashOperator): print_date> on 2022-08-29 02:39:41.672833+00:00
[2022-08-30T02:39:44.612+0000] {standard_task_runner.py:52} INFO - Started process 262 to run task
[2022-08-30T02:39:44.619+0000] {standard_task_runner.py:79} INFO - Running: ['***', 'tasks', 'run', 'tutorial', 'print_date', 'scheduled__2022-08-29T02:39:41.672833+00:00', '--job-id', '27', '--raw', '--subdir', '/home/***/.local/lib/python3.7/site-packages/***/example_dags/tutorial.py', '--cfg-path', '/tmp/tmpf1bh7tfo', '--error-file', '/tmp/tmp3pn788rf']
[2022-08-30T02:39:44.620+0000] {standard_task_runner.py:80} INFO - Job 27: Subtask print_date
[2022-08-30T02:39:44.731+0000] {task_command.py:371} INFO - Running <TaskInstance: tutorial.print_date scheduled__2022-08-29T02:39:41.672833+00:00 [running]> on host 7f44611b6b02
[2022-08-30T02:39:44.869+0000] {taskinstance.py:1583} INFO - Exporting the following env vars:
AIRFLOW_CTX_DAG_EMAIL=***@example.com
AIRFLOW_CTX_DAG_OWNER=***
AIRFLOW_CTX_DAG_ID=tutorial
AIRFLOW_CTX_TASK_ID=print_date
AIRFLOW_CTX_EXECUTION_DATE=2022-08-29T02:39:41.672833+00:00
AIRFLOW_CTX_TRY_NUMBER=1
AIRFLOW_CTX_DAG_RUN_ID=scheduled__2022-08-29T02:39:41.672833+00:00
[2022-08-30T02:39:44.872+0000] {subprocess.py:62} INFO - Tmp dir root location: 
 /tmp
[2022-08-30T02:39:44.874+0000] {subprocess.py:74} INFO - Running command: ['/bin/bash', '-c', 'date']
[2022-08-30T02:39:44.898+0000] {subprocess.py:85} INFO - Output:
[2022-08-30T02:39:44.910+0000] {subprocess.py:92} INFO - Tue Aug 30 02:39:44 UTC 2022
[2022-08-30T02:39:44.912+0000] {subprocess.py:96} INFO - Command exited with return code 0
[2022-08-30T02:39:44.956+0000] {taskinstance.py:1412} INFO - Marking task as SUCCESS. dag_id=tutorial, task_id=print_date, execution_date=20220829T023941, start_date=20220830T023944, end_date=20220830T023944
[2022-08-30T02:39:44.990+0000] {local_task_job.py:156} INFO - Task exited with return code 0
[2022-08-30T02:39:45.037+0000] {local_task_job.py:279} INFO - 2 downstream tasks scheduled from follow-on schedule check
